<?xml version="1.0" encoding="UTF-8"?>
<!-- Generated by org.testng.reporters.JUnitXMLReporter -->
<testsuite ignored="0" hostname="Personal-PC" failures="0" tests="6" name="Default test" time="107.85" errors="0" timestamp="2025-04-05T21:29:15 IST">
  <testcase classname="urbantest.urban" name="homepage" time="0.11"/>
  <testcase classname="urbantest.urban" name="Search" time="8.362"/>
  <testcase classname="urbantest.urban" name="naviagteProduct" time="25.475"/>
  <testcase classname="urbantest.urban" name="productname" time="0.648"/>
  <testcase classname="urbantest.urban" name="price" time="0.046"/>
  <testcase classname="urbantest.urban" name="addingproduct" time="4.905"/>
</testsuite> <!-- Default test -->
