<?xml version="1.0" encoding="UTF-8"?>
<!-- Generated by org.testng.reporters.JUnitXMLReporter -->
<testsuite ignored="0" hostname="Personal-PC" failures="0" tests="6" name="Test" time="33.386" errors="0" timestamp="2025-04-05T21:35:23 IST">
  <testcase classname="urbantest.urban" name="homepage" time="1.847"/>
  <testcase classname="urbantest.urban" name="Search" time="7.732"/>
  <testcase classname="urbantest.urban" name="naviagteProduct" time="8.135"/>
  <testcase classname="urbantest.urban" name="productname" time="0.78"/>
  <testcase classname="urbantest.urban" name="price" time="0.069"/>
  <testcase classname="urbantest.urban" name="addingproduct" time="6.226"/>
</testsuite> <!-- Test -->
