<?xml version="1.0" encoding="UTF-8"?>
<testng-results ignored="0" total="6" passed="6" failed="0" skipped="0">
  <reporter-output>
  </reporter-output>
  <suite started-at="2025-04-05T21:34:49 IST" name="Suite" finished-at="2025-04-05T21:35:23 IST" duration-ms="33386">
    <groups>
      <group name="smoke">
        <method signature="urban.homepage()[pri:1, instance:urbantest.urban@7dc0f706]" name="homepage" class="urbantest.urban"/>
        <method signature="urban.Search()[pri:2, instance:urbantest.urban@7dc0f706]" name="Search" class="urbantest.urban"/>
        <method signature="urban.addingproduct()[pri:6, instance:urbantest.urban@7dc0f706]" name="addingproduct" class="urbantest.urban"/>
      </group> <!-- smoke -->
      <group name="sanity">
        <method signature="urban.naviagteProduct()[pri:3, instance:urbantest.urban@7dc0f706]" name="naviagteProduct" class="urbantest.urban"/>
        <method signature="urban.productname()[pri:4, instance:urbantest.urban@7dc0f706]" name="productname" class="urbantest.urban"/>
        <method signature="urban.price()[pri:5, instance:urbantest.urban@7dc0f706]" name="price" class="urbantest.urban"/>
      </group> <!-- sanity -->
    </groups>
    <test started-at="2025-04-05T21:34:49 IST" name="Test" finished-at="2025-04-05T21:35:23 IST" duration-ms="33386">
      <class name="urbantest.urban">
        <test-method is-config="true" signature="setup()[pri:0, instance:urbantest.urban@7dc0f706]" started-at="2025-04-05T21:34:50 IST" name="setup" finished-at="2025-04-05T21:34:58 IST" duration-ms="8031" status="PASS">
          <reporter-output>
          </reporter-output>
        </test-method> <!-- setup -->
        <test-method signature="homepage()[pri:1, instance:urbantest.urban@7dc0f706]" started-at="2025-04-05T21:34:58 IST" name="homepage" finished-at="2025-04-05T21:34:59 IST" duration-ms="1847" status="PASS">
          <reporter-output>
          </reporter-output>
        </test-method> <!-- homepage -->
        <test-method signature="Search()[pri:2, instance:urbantest.urban@7dc0f706]" started-at="2025-04-05T21:34:59 IST" name="Search" finished-at="2025-04-05T21:35:07 IST" duration-ms="7732" status="PASS">
          <reporter-output>
          </reporter-output>
        </test-method> <!-- Search -->
        <test-method signature="naviagteProduct()[pri:3, instance:urbantest.urban@7dc0f706]" started-at="2025-04-05T21:35:07 IST" name="naviagteProduct" finished-at="2025-04-05T21:35:15 IST" duration-ms="8135" status="PASS">
          <reporter-output>
          </reporter-output>
        </test-method> <!-- naviagteProduct -->
        <test-method signature="productname()[pri:4, instance:urbantest.urban@7dc0f706]" started-at="2025-04-05T21:35:15 IST" name="productname" finished-at="2025-04-05T21:35:16 IST" duration-ms="780" status="PASS">
          <reporter-output>
          </reporter-output>
        </test-method> <!-- productname -->
        <test-method signature="price()[pri:5, instance:urbantest.urban@7dc0f706]" started-at="2025-04-05T21:35:16 IST" name="price" finished-at="2025-04-05T21:35:16 IST" duration-ms="69" status="PASS">
          <reporter-output>
          </reporter-output>
        </test-method> <!-- price -->
        <test-method signature="addingproduct()[pri:6, instance:urbantest.urban@7dc0f706]" started-at="2025-04-05T21:35:16 IST" name="addingproduct" finished-at="2025-04-05T21:35:22 IST" duration-ms="6226" status="PASS">
          <reporter-output>
          </reporter-output>
        </test-method> <!-- addingproduct -->
        <test-method is-config="true" signature="teardown()[pri:0, instance:urbantest.urban@7dc0f706]" started-at="2025-04-05T21:35:22 IST" name="teardown" finished-at="2025-04-05T21:35:23 IST" duration-ms="436" status="PASS">
          <reporter-output>
          </reporter-output>
        </test-method> <!-- teardown -->
      </class> <!-- urbantest.urban -->
    </test> <!-- Test -->
  </suite> <!-- Suite -->
</testng-results>
